<?xml version="1.0" encoding="UTF-8"?>
<testsuite xmlns:xsi="http://www.w3.org/2001/XMLSchema-instance" xsi:noNamespaceSchemaLocation="https://maven.apache.org/surefire/maven-surefire-plugin/xsd/surefire-test-report.xsd" name="com.test.SpringbootTestApplicationTests" time="16.644" tests="1" errors="0" skipped="0" failures="0">
  <properties>
    <property name="sun.desktop" value="windows"/>
    <property name="awt.toolkit" value="sun.awt.windows.WToolkit"/>
    <property name="file.encoding.pkg" value="sun.io"/>
    <property name="java.specification.version" value="1.8"/>
    <property name="sun.cpu.isalist" value="amd64"/>
    <property name="sun.jnu.encoding" value="GBK"/>
    <property name="java.class.path" value="D:\ameya\springboot_test\springboot_test\target\test-classes;D:\ameya\springboot_test\springboot_test\target\classes;E:\amallRepositories\org\springframework\boot\spring-boot-configuration-processor\2.2.0.RELEASE\spring-boot-configuration-processor-2.2.0.RELEASE.jar;E:\amallRepositories\org\springframework\boot\spring-boot-starter-jdbc\2.2.0.RELEASE\spring-boot-starter-jdbc-2.2.0.RELEASE.jar;E:\amallRepositories\org\springframework\boot\spring-boot-starter\2.2.0.RELEASE\spring-boot-starter-2.2.0.RELEASE.jar;E:\amallRepositories\org\springframework\boot\spring-boot\2.2.0.RELEASE\spring-boot-2.2.0.RELEASE.jar;E:\amallRepositories\org\springframework\boot\spring-boot-autoconfigure\2.2.0.RELEASE\spring-boot-autoconfigure-2.2.0.RELEASE.jar;E:\amallRepositories\org\springframework\boot\spring-boot-starter-logging\2.2.0.RELEASE\spring-boot-starter-logging-2.2.0.RELEASE.jar;E:\amallRepositories\ch\qos\logback\logback-classic\1.2.3\logback-classic-1.2.3.jar;E:\amallRepositories\ch\qos\logback\logback-core\1.2.3\logback-core-1.2.3.jar;E:\amallRepositories\org\apache\logging\log4j\log4j-to-slf4j\2.12.1\log4j-to-slf4j-2.12.1.jar;E:\amallRepositories\org\apache\logging\log4j\log4j-api\2.12.1\log4j-api-2.12.1.jar;E:\amallRepositories\org\slf4j\jul-to-slf4j\1.7.28\jul-to-slf4j-1.7.28.jar;E:\amallRepositories\jakarta\annotation\jakarta.annotation-api\1.3.5\jakarta.annotation-api-1.3.5.jar;E:\amallRepositories\org\yaml\snakeyaml\1.25\snakeyaml-1.25.jar;E:\amallRepositories\com\zaxxer\HikariCP\3.4.1\HikariCP-3.4.1.jar;E:\amallRepositories\org\slf4j\slf4j-api\1.7.28\slf4j-api-1.7.28.jar;E:\amallRepositories\org\springframework\spring-jdbc\5.2.0.RELEASE\spring-jdbc-5.2.0.RELEASE.jar;E:\amallRepositories\org\springframework\spring-beans\5.2.0.RELEASE\spring-beans-5.2.0.RELEASE.jar;E:\amallRepositories\org\springframework\spring-tx\5.2.0.RELEASE\spring-tx-5.2.0.RELEASE.jar;E:\amallRepositories\org\springframework\boot\spring-boot-starter-web\2.2.0.RELEASE\spring-boot-starter-web-2.2.0.RELEASE.jar;E:\amallRepositories\org\springframework\boot\spring-boot-starter-json\2.2.0.RELEASE\spring-boot-starter-json-2.2.0.RELEASE.jar;E:\amallRepositories\com\fasterxml\jackson\core\jackson-databind\2.10.0\jackson-databind-2.10.0.jar;E:\amallRepositories\com\fasterxml\jackson\core\jackson-annotations\2.10.0\jackson-annotations-2.10.0.jar;E:\amallRepositories\com\fasterxml\jackson\core\jackson-core\2.10.0\jackson-core-2.10.0.jar;E:\amallRepositories\com\fasterxml\jackson\datatype\jackson-datatype-jdk8\2.10.0\jackson-datatype-jdk8-2.10.0.jar;E:\amallRepositories\com\fasterxml\jackson\datatype\jackson-datatype-jsr310\2.10.0\jackson-datatype-jsr310-2.10.0.jar;E:\amallRepositories\com\fasterxml\jackson\module\jackson-module-parameter-names\2.10.0\jackson-module-parameter-names-2.10.0.jar;E:\amallRepositories\org\springframework\boot\spring-boot-starter-tomcat\2.2.0.RELEASE\spring-boot-starter-tomcat-2.2.0.RELEASE.jar;E:\amallRepositories\org\apache\tomcat\embed\tomcat-embed-core\9.0.27\tomcat-embed-core-9.0.27.jar;E:\amallRepositories\org\apache\tomcat\embed\tomcat-embed-el\9.0.27\tomcat-embed-el-9.0.27.jar;E:\amallRepositories\org\apache\tomcat\embed\tomcat-embed-websocket\9.0.27\tomcat-embed-websocket-9.0.27.jar;E:\amallRepositories\org\springframework\boot\spring-boot-starter-validation\2.2.0.RELEASE\spring-boot-starter-validation-2.2.0.RELEASE.jar;E:\amallRepositories\jakarta\validation\jakarta.validation-api\2.0.1\jakarta.validation-api-2.0.1.jar;E:\amallRepositories\org\hibernate\validator\hibernate-validator\6.0.17.Final\hibernate-validator-6.0.17.Final.jar;E:\amallRepositories\org\jboss\logging\jboss-logging\3.4.1.Final\jboss-logging-3.4.1.Final.jar;E:\amallRepositories\com\fasterxml\classmate\1.5.0\classmate-1.5.0.jar;E:\amallRepositories\org\springframework\spring-web\5.2.0.RELEASE\spring-web-5.2.0.RELEASE.jar;E:\amallRepositories\org\springframework\spring-webmvc\5.2.0.RELEASE\spring-webmvc-5.2.0.RELEASE.jar;E:\amallRepositories\org\springframework\spring-aop\5.2.0.RELEASE\spring-aop-5.2.0.RELEASE.jar;E:\amallRepositories\org\springframework\spring-context\5.2.0.RELEASE\spring-context-5.2.0.RELEASE.jar;E:\amallRepositories\org\springframework\spring-expression\5.2.0.RELEASE\spring-expression-5.2.0.RELEASE.jar;E:\amallRepositories\org\mybatis\spring\boot\mybatis-spring-boot-starter\2.1.1\mybatis-spring-boot-starter-2.1.1.jar;E:\amallRepositories\org\mybatis\spring\boot\mybatis-spring-boot-autoconfigure\2.1.1\mybatis-spring-boot-autoconfigure-2.1.1.jar;E:\amallRepositories\org\mybatis\mybatis\3.5.3\mybatis-3.5.3.jar;E:\amallRepositories\org\mybatis\mybatis-spring\2.0.3\mybatis-spring-2.0.3.jar;E:\amallRepositories\org\springframework\boot\spring-boot-starter-data-solr\2.2.0.RELEASE\spring-boot-starter-data-solr-2.2.0.RELEASE.jar;E:\amallRepositories\org\apache\solr\solr-solrj\8.2.0\solr-solrj-8.2.0.jar;E:\amallRepositories\commons-io\commons-io\2.5\commons-io-2.5.jar;E:\amallRepositories\org\apache\commons\commons-math3\3.6.1\commons-math3-3.6.1.jar;E:\amallRepositories\org\apache\httpcomponents\httpclient\4.5.10\httpclient-4.5.10.jar;E:\amallRepositories\org\apache\httpcomponents\httpcore\4.4.12\httpcore-4.4.12.jar;E:\amallRepositories\org\apache\zookeeper\zookeeper\3.5.5\zookeeper-3.5.5.jar;E:\amallRepositories\org\apache\zookeeper\zookeeper-jute\3.5.5\zookeeper-jute-3.5.5.jar;E:\amallRepositories\org\codehaus\woodstox\stax2-api\3.1.4\stax2-api-3.1.4.jar;E:\amallRepositories\org\codehaus\woodstox\woodstox-core-asl\4.4.1\woodstox-core-asl-4.4.1.jar;E:\amallRepositories\org\eclipse\jetty\jetty-alpn-client\9.4.20.v20190813\jetty-alpn-client-9.4.20.v20190813.jar;E:\amallRepositories\org\eclipse\jetty\jetty-alpn-java-client\9.4.20.v20190813\jetty-alpn-java-client-9.4.20.v20190813.jar;E:\amallRepositories\org\eclipse\jetty\jetty-client\9.4.20.v20190813\jetty-client-9.4.20.v20190813.jar;E:\amallRepositories\org\eclipse\jetty\jetty-http\9.4.20.v20190813\jetty-http-9.4.20.v20190813.jar;E:\amallRepositories\org\eclipse\jetty\jetty-io\9.4.20.v20190813\jetty-io-9.4.20.v20190813.jar;E:\amallRepositories\org\eclipse\jetty\jetty-util\9.4.20.v20190813\jetty-util-9.4.20.v20190813.jar;E:\amallRepositories\org\eclipse\jetty\http2\http2-client\9.4.20.v20190813\http2-client-9.4.20.v20190813.jar;E:\amallRepositories\org\eclipse\jetty\http2\http2-common\9.4.20.v20190813\http2-common-9.4.20.v20190813.jar;E:\amallRepositories\org\eclipse\jetty\http2\http2-hpack\9.4.20.v20190813\http2-hpack-9.4.20.v20190813.jar;E:\amallRepositories\org\eclipse\jetty\http2\http2-http-client-transport\9.4.20.v20190813\http2-http-client-transport-9.4.20.v20190813.jar;E:\amallRepositories\org\springframework\data\spring-data-solr\4.1.0.RELEASE\spring-data-solr-4.1.0.RELEASE.jar;E:\amallRepositories\org\springframework\data\spring-data-commons\2.2.0.RELEASE\spring-data-commons-2.2.0.RELEASE.jar;E:\amallRepositories\org\apache\commons\commons-lang3\3.9\commons-lang3-3.9.jar;E:\amallRepositories\org\apache\httpcomponents\httpmime\4.5.10\httpmime-4.5.10.jar;E:\amallRepositories\mysql\mysql-connector-java\5.1.34\mysql-connector-java-5.1.34.jar;E:\amallRepositories\org\apache\poi\poi-ooxml\3.9\poi-ooxml-3.9.jar;E:\amallRepositories\org\apache\poi\poi-ooxml-schemas\3.9\poi-ooxml-schemas-3.9.jar;E:\amallRepositories\org\apache\xmlbeans\xmlbeans\2.3.0\xmlbeans-2.3.0.jar;E:\amallRepositories\stax\stax-api\1.0.1\stax-api-1.0.1.jar;E:\amallRepositories\dom4j\dom4j\1.6.1\dom4j-1.6.1.jar;E:\amallRepositories\xml-apis\xml-apis\1.0.b2\xml-apis-1.0.b2.jar;E:\amallRepositories\org\apache\poi\poi\3.9\poi-3.9.jar;E:\amallRepositories\commons-codec\commons-codec\1.13\commons-codec-1.13.jar;E:\amallRepositories\com\alibaba\fastjson\1.2.51\fastjson-1.2.51.jar;E:\amallRepositories\org\springframework\boot\spring-boot-starter-test\2.2.0.RELEASE\spring-boot-starter-test-2.2.0.RELEASE.jar;E:\amallRepositories\org\springframework\boot\spring-boot-test\2.2.0.RELEASE\spring-boot-test-2.2.0.RELEASE.jar;E:\amallRepositories\org\springframework\boot\spring-boot-test-autoconfigure\2.2.0.RELEASE\spring-boot-test-autoconfigure-2.2.0.RELEASE.jar;E:\amallRepositories\com\jayway\jsonpath\json-path\2.4.0\json-path-2.4.0.jar;E:\amallRepositories\net\minidev\json-smart\2.3\json-smart-2.3.jar;E:\amallRepositories\net\minidev\accessors-smart\1.2\accessors-smart-1.2.jar;E:\amallRepositories\org\ow2\asm\asm\5.0.4\asm-5.0.4.jar;E:\amallRepositories\jakarta\xml\bind\jakarta.xml.bind-api\2.3.2\jakarta.xml.bind-api-2.3.2.jar;E:\amallRepositories\jakarta\activation\jakarta.activation-api\1.2.1\jakarta.activation-api-1.2.1.jar;E:\amallRepositories\org\junit\jupiter\junit-jupiter\5.5.2\junit-jupiter-5.5.2.jar;E:\amallRepositories\org\junit\jupiter\junit-jupiter-api\5.5.2\junit-jupiter-api-5.5.2.jar;E:\amallRepositories\org\apiguardian\apiguardian-api\1.1.0\apiguardian-api-1.1.0.jar;E:\amallRepositories\org\opentest4j\opentest4j\1.2.0\opentest4j-1.2.0.jar;E:\amallRepositories\org\junit\platform\junit-platform-commons\1.5.2\junit-platform-commons-1.5.2.jar;E:\amallRepositories\org\junit\jupiter\junit-jupiter-params\5.5.2\junit-jupiter-params-5.5.2.jar;E:\amallRepositories\org\junit\jupiter\junit-jupiter-engine\5.5.2\junit-jupiter-engine-5.5.2.jar;E:\amallRepositories\org\junit\platform\junit-platform-engine\1.5.2\junit-platform-engine-1.5.2.jar;E:\amallRepositories\org\mockito\mockito-junit-jupiter\3.1.0\mockito-junit-jupiter-3.1.0.jar;E:\amallRepositories\org\assertj\assertj-core\3.13.2\assertj-core-3.13.2.jar;E:\amallRepositories\org\hamcrest\hamcrest\2.1\hamcrest-2.1.jar;E:\amallRepositories\org\mockito\mockito-core\3.1.0\mockito-core-3.1.0.jar;E:\amallRepositories\net\bytebuddy\byte-buddy\1.10.1\byte-buddy-1.10.1.jar;E:\amallRepositories\net\bytebuddy\byte-buddy-agent\1.10.1\byte-buddy-agent-1.10.1.jar;E:\amallRepositories\org\objenesis\objenesis\2.6\objenesis-2.6.jar;E:\amallRepositories\org\skyscreamer\jsonassert\1.5.0\jsonassert-1.5.0.jar;E:\amallRepositories\com\vaadin\external\google\android-json\0.0.20131108.vaadin1\android-json-0.0.20131108.vaadin1.jar;E:\amallRepositories\org\springframework\spring-core\5.2.0.RELEASE\spring-core-5.2.0.RELEASE.jar;E:\amallRepositories\org\springframework\spring-jcl\5.2.0.RELEASE\spring-jcl-5.2.0.RELEASE.jar;E:\amallRepositories\org\springframework\spring-test\5.2.0.RELEASE\spring-test-5.2.0.RELEASE.jar;E:\amallRepositories\org\xmlunit\xmlunit-core\2.6.3\xmlunit-core-2.6.3.jar;"/>
    <property name="java.vm.vendor" value="Oracle Corporation"/>
    <property name="sun.arch.data.model" value="64"/>
    <property name="user.variant" value=""/>
    <property name="java.vendor.url" value="http://java.oracle.com/"/>
    <property name="user.timezone" value="Asia/Shanghai"/>
    <property name="java.vm.specification.version" value="1.8"/>
    <property name="os.name" value="Windows 7"/>
    <property name="user.country" value="CN"/>
    <property name="sun.java.launcher" value="SUN_STANDARD"/>
    <property name="sun.boot.library.path" value="D:\program files\Java\jdk1.8.0_241\jre\bin"/>
    <property name="sun.java.command" value="C:\Users\ADMINI~1\AppData\Local\Temp\surefire6850737235818834517\surefirebooter9123099054840125542.jar C:\Users\Administrator\AppData\Local\Temp\surefire6850737235818834517 2020-02-13T14-39-55_369-jvmRun1 surefire6649703664871799222tmp surefire_06226451476689484991tmp"/>
    <property name="surefire.test.class.path" value="D:\ameya\springboot_test\springboot_test\target\test-classes;D:\ameya\springboot_test\springboot_test\target\classes;E:\amallRepositories\org\springframework\boot\spring-boot-configuration-processor\2.2.0.RELEASE\spring-boot-configuration-processor-2.2.0.RELEASE.jar;E:\amallRepositories\org\springframework\boot\spring-boot-starter-jdbc\2.2.0.RELEASE\spring-boot-starter-jdbc-2.2.0.RELEASE.jar;E:\amallRepositories\org\springframework\boot\spring-boot-starter\2.2.0.RELEASE\spring-boot-starter-2.2.0.RELEASE.jar;E:\amallRepositories\org\springframework\boot\spring-boot\2.2.0.RELEASE\spring-boot-2.2.0.RELEASE.jar;E:\amallRepositories\org\springframework\boot\spring-boot-autoconfigure\2.2.0.RELEASE\spring-boot-autoconfigure-2.2.0.RELEASE.jar;E:\amallRepositories\org\springframework\boot\spring-boot-starter-logging\2.2.0.RELEASE\spring-boot-starter-logging-2.2.0.RELEASE.jar;E:\amallRepositories\ch\qos\logback\logback-classic\1.2.3\logback-classic-1.2.3.jar;E:\amallRepositories\ch\qos\logback\logback-core\1.2.3\logback-core-1.2.3.jar;E:\amallRepositories\org\apache\logging\log4j\log4j-to-slf4j\2.12.1\log4j-to-slf4j-2.12.1.jar;E:\amallRepositories\org\apache\logging\log4j\log4j-api\2.12.1\log4j-api-2.12.1.jar;E:\amallRepositories\org\slf4j\jul-to-slf4j\1.7.28\jul-to-slf4j-1.7.28.jar;E:\amallRepositories\jakarta\annotation\jakarta.annotation-api\1.3.5\jakarta.annotation-api-1.3.5.jar;E:\amallRepositories\org\yaml\snakeyaml\1.25\snakeyaml-1.25.jar;E:\amallRepositories\com\zaxxer\HikariCP\3.4.1\HikariCP-3.4.1.jar;E:\amallRepositories\org\slf4j\slf4j-api\1.7.28\slf4j-api-1.7.28.jar;E:\amallRepositories\org\springframework\spring-jdbc\5.2.0.RELEASE\spring-jdbc-5.2.0.RELEASE.jar;E:\amallRepositories\org\springframework\spring-beans\5.2.0.RELEASE\spring-beans-5.2.0.RELEASE.jar;E:\amallRepositories\org\springframework\spring-tx\5.2.0.RELEASE\spring-tx-5.2.0.RELEASE.jar;E:\amallRepositories\org\springframework\boot\spring-boot-starter-web\2.2.0.RELEASE\spring-boot-starter-web-2.2.0.RELEASE.jar;E:\amallRepositories\org\springframework\boot\spring-boot-starter-json\2.2.0.RELEASE\spring-boot-starter-json-2.2.0.RELEASE.jar;E:\amallRepositories\com\fasterxml\jackson\core\jackson-databind\2.10.0\jackson-databind-2.10.0.jar;E:\amallRepositories\com\fasterxml\jackson\core\jackson-annotations\2.10.0\jackson-annotations-2.10.0.jar;E:\amallRepositories\com\fasterxml\jackson\core\jackson-core\2.10.0\jackson-core-2.10.0.jar;E:\amallRepositories\com\fasterxml\jackson\datatype\jackson-datatype-jdk8\2.10.0\jackson-datatype-jdk8-2.10.0.jar;E:\amallRepositories\com\fasterxml\jackson\datatype\jackson-datatype-jsr310\2.10.0\jackson-datatype-jsr310-2.10.0.jar;E:\amallRepositories\com\fasterxml\jackson\module\jackson-module-parameter-names\2.10.0\jackson-module-parameter-names-2.10.0.jar;E:\amallRepositories\org\springframework\boot\spring-boot-starter-tomcat\2.2.0.RELEASE\spring-boot-starter-tomcat-2.2.0.RELEASE.jar;E:\amallRepositories\org\apache\tomcat\embed\tomcat-embed-core\9.0.27\tomcat-embed-core-9.0.27.jar;E:\amallRepositories\org\apache\tomcat\embed\tomcat-embed-el\9.0.27\tomcat-embed-el-9.0.27.jar;E:\amallRepositories\org\apache\tomcat\embed\tomcat-embed-websocket\9.0.27\tomcat-embed-websocket-9.0.27.jar;E:\amallRepositories\org\springframework\boot\spring-boot-starter-validation\2.2.0.RELEASE\spring-boot-starter-validation-2.2.0.RELEASE.jar;E:\amallRepositories\jakarta\validation\jakarta.validation-api\2.0.1\jakarta.validation-api-2.0.1.jar;E:\amallRepositories\org\hibernate\validator\hibernate-validator\6.0.17.Final\hibernate-validator-6.0.17.Final.jar;E:\amallRepositories\org\jboss\logging\jboss-logging\3.4.1.Final\jboss-logging-3.4.1.Final.jar;E:\amallRepositories\com\fasterxml\classmate\1.5.0\classmate-1.5.0.jar;E:\amallRepositories\org\springframework\spring-web\5.2.0.RELEASE\spring-web-5.2.0.RELEASE.jar;E:\amallRepositories\org\springframework\spring-webmvc\5.2.0.RELEASE\spring-webmvc-5.2.0.RELEASE.jar;E:\amallRepositories\org\springframework\spring-aop\5.2.0.RELEASE\spring-aop-5.2.0.RELEASE.jar;E:\amallRepositories\org\springframework\spring-context\5.2.0.RELEASE\spring-context-5.2.0.RELEASE.jar;E:\amallRepositories\org\springframework\spring-expression\5.2.0.RELEASE\spring-expression-5.2.0.RELEASE.jar;E:\amallRepositories\org\mybatis\spring\boot\mybatis-spring-boot-starter\2.1.1\mybatis-spring-boot-starter-2.1.1.jar;E:\amallRepositories\org\mybatis\spring\boot\mybatis-spring-boot-autoconfigure\2.1.1\mybatis-spring-boot-autoconfigure-2.1.1.jar;E:\amallRepositories\org\mybatis\mybatis\3.5.3\mybatis-3.5.3.jar;E:\amallRepositories\org\mybatis\mybatis-spring\2.0.3\mybatis-spring-2.0.3.jar;E:\amallRepositories\org\springframework\boot\spring-boot-starter-data-solr\2.2.0.RELEASE\spring-boot-starter-data-solr-2.2.0.RELEASE.jar;E:\amallRepositories\org\apache\solr\solr-solrj\8.2.0\solr-solrj-8.2.0.jar;E:\amallRepositories\commons-io\commons-io\2.5\commons-io-2.5.jar;E:\amallRepositories\org\apache\commons\commons-math3\3.6.1\commons-math3-3.6.1.jar;E:\amallRepositories\org\apache\httpcomponents\httpclient\4.5.10\httpclient-4.5.10.jar;E:\amallRepositories\org\apache\httpcomponents\httpcore\4.4.12\httpcore-4.4.12.jar;E:\amallRepositories\org\apache\zookeeper\zookeeper\3.5.5\zookeeper-3.5.5.jar;E:\amallRepositories\org\apache\zookeeper\zookeeper-jute\3.5.5\zookeeper-jute-3.5.5.jar;E:\amallRepositories\org\codehaus\woodstox\stax2-api\3.1.4\stax2-api-3.1.4.jar;E:\amallRepositories\org\codehaus\woodstox\woodstox-core-asl\4.4.1\woodstox-core-asl-4.4.1.jar;E:\amallRepositories\org\eclipse\jetty\jetty-alpn-client\9.4.20.v20190813\jetty-alpn-client-9.4.20.v20190813.jar;E:\amallRepositories\org\eclipse\jetty\jetty-alpn-java-client\9.4.20.v20190813\jetty-alpn-java-client-9.4.20.v20190813.jar;E:\amallRepositories\org\eclipse\jetty\jetty-client\9.4.20.v20190813\jetty-client-9.4.20.v20190813.jar;E:\amallRepositories\org\eclipse\jetty\jetty-http\9.4.20.v20190813\jetty-http-9.4.20.v20190813.jar;E:\amallRepositories\org\eclipse\jetty\jetty-io\9.4.20.v20190813\jetty-io-9.4.20.v20190813.jar;E:\amallRepositories\org\eclipse\jetty\jetty-util\9.4.20.v20190813\jetty-util-9.4.20.v20190813.jar;E:\amallRepositories\org\eclipse\jetty\http2\http2-client\9.4.20.v20190813\http2-client-9.4.20.v20190813.jar;E:\amallRepositories\org\eclipse\jetty\http2\http2-common\9.4.20.v20190813\http2-common-9.4.20.v20190813.jar;E:\amallRepositories\org\eclipse\jetty\http2\http2-hpack\9.4.20.v20190813\http2-hpack-9.4.20.v20190813.jar;E:\amallRepositories\org\eclipse\jetty\http2\http2-http-client-transport\9.4.20.v20190813\http2-http-client-transport-9.4.20.v20190813.jar;E:\amallRepositories\org\springframework\data\spring-data-solr\4.1.0.RELEASE\spring-data-solr-4.1.0.RELEASE.jar;E:\amallRepositories\org\springframework\data\spring-data-commons\2.2.0.RELEASE\spring-data-commons-2.2.0.RELEASE.jar;E:\amallRepositories\org\apache\commons\commons-lang3\3.9\commons-lang3-3.9.jar;E:\amallRepositories\org\apache\httpcomponents\httpmime\4.5.10\httpmime-4.5.10.jar;E:\amallRepositories\mysql\mysql-connector-java\5.1.34\mysql-connector-java-5.1.34.jar;E:\amallRepositories\org\apache\poi\poi-ooxml\3.9\poi-ooxml-3.9.jar;E:\amallRepositories\org\apache\poi\poi-ooxml-schemas\3.9\poi-ooxml-schemas-3.9.jar;E:\amallRepositories\org\apache\xmlbeans\xmlbeans\2.3.0\xmlbeans-2.3.0.jar;E:\amallRepositories\stax\stax-api\1.0.1\stax-api-1.0.1.jar;E:\amallRepositories\dom4j\dom4j\1.6.1\dom4j-1.6.1.jar;E:\amallRepositories\xml-apis\xml-apis\1.0.b2\xml-apis-1.0.b2.jar;E:\amallRepositories\org\apache\poi\poi\3.9\poi-3.9.jar;E:\amallRepositories\commons-codec\commons-codec\1.13\commons-codec-1.13.jar;E:\amallRepositories\com\alibaba\fastjson\1.2.51\fastjson-1.2.51.jar;E:\amallRepositories\org\springframework\boot\spring-boot-starter-test\2.2.0.RELEASE\spring-boot-starter-test-2.2.0.RELEASE.jar;E:\amallRepositories\org\springframework\boot\spring-boot-test\2.2.0.RELEASE\spring-boot-test-2.2.0.RELEASE.jar;E:\amallRepositories\org\springframework\boot\spring-boot-test-autoconfigure\2.2.0.RELEASE\spring-boot-test-autoconfigure-2.2.0.RELEASE.jar;E:\amallRepositories\com\jayway\jsonpath\json-path\2.4.0\json-path-2.4.0.jar;E:\amallRepositories\net\minidev\json-smart\2.3\json-smart-2.3.jar;E:\amallRepositories\net\minidev\accessors-smart\1.2\accessors-smart-1.2.jar;E:\amallRepositories\org\ow2\asm\asm\5.0.4\asm-5.0.4.jar;E:\amallRepositories\jakarta\xml\bind\jakarta.xml.bind-api\2.3.2\jakarta.xml.bind-api-2.3.2.jar;E:\amallRepositories\jakarta\activation\jakarta.activation-api\1.2.1\jakarta.activation-api-1.2.1.jar;E:\amallRepositories\org\junit\jupiter\junit-jupiter\5.5.2\junit-jupiter-5.5.2.jar;E:\amallRepositories\org\junit\jupiter\junit-jupiter-api\5.5.2\junit-jupiter-api-5.5.2.jar;E:\amallRepositories\org\apiguardian\apiguardian-api\1.1.0\apiguardian-api-1.1.0.jar;E:\amallRepositories\org\opentest4j\opentest4j\1.2.0\opentest4j-1.2.0.jar;E:\amallRepositories\org\junit\platform\junit-platform-commons\1.5.2\junit-platform-commons-1.5.2.jar;E:\amallRepositories\org\junit\jupiter\junit-jupiter-params\5.5.2\junit-jupiter-params-5.5.2.jar;E:\amallRepositories\org\junit\jupiter\junit-jupiter-engine\5.5.2\junit-jupiter-engine-5.5.2.jar;E:\amallRepositories\org\junit\platform\junit-platform-engine\1.5.2\junit-platform-engine-1.5.2.jar;E:\amallRepositories\org\mockito\mockito-junit-jupiter\3.1.0\mockito-junit-jupiter-3.1.0.jar;E:\amallRepositories\org\assertj\assertj-core\3.13.2\assertj-core-3.13.2.jar;E:\amallRepositories\org\hamcrest\hamcrest\2.1\hamcrest-2.1.jar;E:\amallRepositories\org\mockito\mockito-core\3.1.0\mockito-core-3.1.0.jar;E:\amallRepositories\net\bytebuddy\byte-buddy\1.10.1\byte-buddy-1.10.1.jar;E:\amallRepositories\net\bytebuddy\byte-buddy-agent\1.10.1\byte-buddy-agent-1.10.1.jar;E:\amallRepositories\org\objenesis\objenesis\2.6\objenesis-2.6.jar;E:\amallRepositories\org\skyscreamer\jsonassert\1.5.0\jsonassert-1.5.0.jar;E:\amallRepositories\com\vaadin\external\google\android-json\0.0.20131108.vaadin1\android-json-0.0.20131108.vaadin1.jar;E:\amallRepositories\org\springframework\spring-core\5.2.0.RELEASE\spring-core-5.2.0.RELEASE.jar;E:\amallRepositories\org\springframework\spring-jcl\5.2.0.RELEASE\spring-jcl-5.2.0.RELEASE.jar;E:\amallRepositories\org\springframework\spring-test\5.2.0.RELEASE\spring-test-5.2.0.RELEASE.jar;E:\amallRepositories\org\xmlunit\xmlunit-core\2.6.3\xmlunit-core-2.6.3.jar;"/>
    <property name="sun.cpu.endian" value="little"/>
    <property name="user.home" value="C:\Users\Administrator"/>
    <property name="user.language" value="zh"/>
    <property name="java.specification.vendor" value="Oracle Corporation"/>
    <property name="java.home" value="D:\program files\Java\jdk1.8.0_241\jre"/>
    <property name="basedir" value="D:\ameya\springboot_test\springboot_test"/>
    <property name="file.separator" value="\"/>
    <property name="line.separator" value="&#10;"/>
    <property name="java.vm.specification.vendor" value="Oracle Corporation"/>
    <property name="java.specification.name" value="Java Platform API Specification"/>
    <property name="java.awt.graphicsenv" value="sun.awt.Win32GraphicsEnvironment"/>
    <property name="surefire.real.class.path" value="C:\Users\ADMINI~1\AppData\Local\Temp\surefire6850737235818834517\surefirebooter9123099054840125542.jar"/>
    <property name="sun.boot.class.path" value="D:\program files\Java\jdk1.8.0_241\jre\lib\resources.jar;D:\program files\Java\jdk1.8.0_241\jre\lib\rt.jar;D:\program files\Java\jdk1.8.0_241\jre\lib\sunrsasign.jar;D:\program files\Java\jdk1.8.0_241\jre\lib\jsse.jar;D:\program files\Java\jdk1.8.0_241\jre\lib\jce.jar;D:\program files\Java\jdk1.8.0_241\jre\lib\charsets.jar;D:\program files\Java\jdk1.8.0_241\jre\lib\jfr.jar;D:\program files\Java\jdk1.8.0_241\jre\classes"/>
    <property name="user.script" value=""/>
    <property name="sun.management.compiler" value="HotSpot 64-Bit Tiered Compilers"/>
    <property name="java.runtime.version" value="1.8.0_241-b07"/>
    <property name="user.name" value="Administrator"/>
    <property name="path.separator" value=";"/>
    <property name="os.version" value="6.1"/>
    <property name="java.endorsed.dirs" value="D:\program files\Java\jdk1.8.0_241\jre\lib\endorsed"/>
    <property name="java.runtime.name" value="Java(TM) SE Runtime Environment"/>
    <property name="file.encoding" value="GBK"/>
    <property name="java.vm.name" value="Java HotSpot(TM) 64-Bit Server VM"/>
    <property name="localRepository" value="E:\amallRepositories"/>
    <property name="java.vendor.url.bug" value="http://bugreport.sun.com/bugreport/"/>
    <property name="java.io.tmpdir" value="C:\Users\ADMINI~1\AppData\Local\Temp\"/>
    <property name="java.version" value="1.8.0_241"/>
    <property name="user.dir" value="D:\ameya\springboot_test\springboot_test"/>
    <property name="os.arch" value="amd64"/>
    <property name="java.vm.specification.name" value="Java Virtual Machine Specification"/>
    <property name="java.awt.printerjob" value="sun.awt.windows.WPrinterJob"/>
    <property name="idea.version2019.3.1" value="true"/>
    <property name="sun.os.patch.level" value="Service Pack 1"/>
    <property name="java.library.path" value="D:\program files\Java\jdk1.8.0_241\jre\bin;C:\Windows\Sun\Java\bin;C:\Windows\system32;C:\Windows;D:\Program Files (x86)\Xftp6\;D:\Program Files (x86)\Xshell6\;C:\Program Files (x86)\Common Files\Oracle\Java\javapath;C:\Windows\system32;C:\Windows;C:\Windows\System32\Wbem;C:\Windows\System32\WindowsPowerShell\v1.0\;D:\Program Files\Subversion\bin;D:\program files\Java\jdk1.8.0_241\bin;D:\Program Files\TortoiseSVN\bin;D:\Program Files\Git\cmd;D:\solr-7.7.0\solr-7.7.0;D:\apache-maven1\bin;."/>
    <property name="java.vm.info" value="mixed mode"/>
    <property name="java.vendor" value="Oracle Corporation"/>
    <property name="java.vm.version" value="25.241-b07"/>
    <property name="java.ext.dirs" value="D:\program files\Java\jdk1.8.0_241\jre\lib\ext;C:\Windows\Sun\Java\lib\ext"/>
    <property name="sun.io.unicode.encoding" value="UnicodeLittle"/>
    <property name="java.class.version" value="52.0"/>
  </properties>
  <testcase name="contextLoads" classname="com.test.SpringbootTestApplicationTests" time="4.04"/>
</testsuite>